2017-01-28 17:07:38
Full thread dump OpenJDK 64-Bit Server VM (25.111-b14 mixed mode):

"Attach Listener" #69 daemon prio=9 os_prio=0 tid=0x00007f3290001000 nid=0x507f waiting on condition [0x0000000000000000]
   java.lang.Thread.State: RUNNABLE

   Locked ownable synchronizers:
	- None

"Worker-6" #62 prio=5 os_prio=0 tid=0x00007f3244026000 nid=0x4e3e in Object.wait() [0x00007f3251b20000]
   java.lang.Thread.State: TIMED_WAITING (on object monitor)
	at java.lang.Object.wait(Native Method)
	at org.eclipse.core.internal.jobs.WorkerPool.sleep(WorkerPool.java:188)
	- locked <0x00000000e053a208> (a org.eclipse.core.internal.jobs.WorkerPool)
	at org.eclipse.core.internal.jobs.WorkerPool.startJob(WorkerPool.java:220)
	at org.eclipse.core.internal.jobs.Worker.run(Worker.java:50)

   Locked ownable synchronizers:
	- None

"Worker-5" #56 prio=5 os_prio=0 tid=0x00007f32401a7000 nid=0x4ca6 in Object.wait() [0x00007f3252639000]
   java.lang.Thread.State: TIMED_WAITING (on object monitor)
	at java.lang.Object.wait(Native Method)
	at org.eclipse.core.internal.jobs.WorkerPool.sleep(WorkerPool.java:188)
	- locked <0x00000000e053a208> (a org.eclipse.core.internal.jobs.WorkerPool)
	at org.eclipse.core.internal.jobs.WorkerPool.startJob(WorkerPool.java:220)
	at org.eclipse.core.internal.jobs.Worker.run(Worker.java:50)

   Locked ownable synchronizers:
	- None

"[ThreadPool Manager] - Idle Thread" #30 daemon prio=5 os_prio=0 tid=0x00007f325400b800 nid=0x49f7 in Object.wait() [0x00007f322c211000]
   java.lang.Thread.State: WAITING (on object monitor)
	at java.lang.Object.wait(Native Method)
	at java.lang.Object.wait(Object.java:502)
	at org.eclipse.equinox.internal.util.impl.tpt.threadpool.Executor.run(Executor.java:106)
	- locked <0x00000000e140d3d8> (a org.eclipse.equinox.internal.util.impl.tpt.threadpool.Executor)

   Locked ownable synchronizers:
	- None

"DLTK indexing" #29 daemon prio=4 os_prio=0 tid=0x00007f323817c000 nid=0x49e4 in Object.wait() [0x00007f322f1f9000]
   java.lang.Thread.State: WAITING (on object monitor)
	at java.lang.Object.wait(Native Method)
	at java.lang.Object.wait(Object.java:502)
	at org.eclipse.dltk.internal.core.search.processing.JobManager.run(JobManager.java:445)
	- locked <0x00000000e0ccdac0> (a org.eclipse.dltk.core.search.indexing.IndexManager)
	at java.lang.Thread.run(Thread.java:745)

   Locked ownable synchronizers:
	- None

"Java indexing" #28 daemon prio=4 os_prio=0 tid=0x00007f32c0a6a000 nid=0x49e1 in Object.wait() [0x00007f325171e000]
   java.lang.Thread.State: WAITING (on object monitor)
	at java.lang.Object.wait(Native Method)
	at java.lang.Object.wait(Object.java:502)
	at org.eclipse.jdt.internal.core.search.processing.JobManager.run(JobManager.java:382)
	- locked <0x00000000e0c84720> (a org.eclipse.jdt.internal.core.search.indexing.IndexManager)
	at java.lang.Thread.run(Thread.java:745)

   Locked ownable synchronizers:
	- None

"Bundle File Closer" #25 daemon prio=6 os_prio=0 tid=0x00007f32c10a5000 nid=0x49de in Object.wait() [0x00007f3252221000]
   java.lang.Thread.State: WAITING (on object monitor)
	at java.lang.Object.wait(Native Method)
	at java.lang.Object.wait(Object.java:502)
	at org.eclipse.osgi.framework.eventmgr.EventManager$EventThread.getNextEvent(EventManager.java:400)
	- locked <0x00000000e0e98720> (a org.eclipse.osgi.framework.eventmgr.EventManager$EventThread)
	at org.eclipse.osgi.framework.eventmgr.EventManager$EventThread.run(EventManager.java:336)

   Locked ownable synchronizers:
	- None

"EMF Reference Cleaner" #20 daemon prio=5 os_prio=0 tid=0x00007f325c08a000 nid=0x49d9 in Object.wait() [0x00007f32712b6000]
   java.lang.Thread.State: WAITING (on object monitor)
	at java.lang.Object.wait(Native Method)
	at java.lang.ref.ReferenceQueue.remove(ReferenceQueue.java:143)
	- locked <0x00000000e059d370> (a java.lang.ref.ReferenceQueue$Lock)
	at java.lang.ref.ReferenceQueue.remove(ReferenceQueue.java:164)
	at org.eclipse.emf.common.util.CommonUtil$1ReferenceClearingQueuePollingThread.run(CommonUtil.java:70)

   Locked ownable synchronizers:
	- None

"Worker-JM" #16 prio=5 os_prio=0 tid=0x00007f3268166000 nid=0x49d6 in Object.wait() [0x00007f3270c96000]
   java.lang.Thread.State: WAITING (on object monitor)
	at java.lang.Object.wait(Native Method)
	- waiting on <0x00000000e03e8590> (a java.util.ArrayList)
	at org.eclipse.core.internal.jobs.InternalWorker.run(InternalWorker.java:58)
	- locked <0x00000000e03e8590> (a java.util.ArrayList)

   Locked ownable synchronizers:
	- None

"[Timer] - Main Queue Handler" #15 daemon prio=5 os_prio=0 tid=0x00007f3268066800 nid=0x49d5 in Object.wait() [0x00007f3270fb5000]
   java.lang.Thread.State: TIMED_WAITING (on object monitor)
	at java.lang.Object.wait(Native Method)
	at org.eclipse.equinox.internal.util.impl.tpt.timer.TimerImpl.run(TimerImpl.java:141)
	- locked <0x00000000e017c1a8> (a java.lang.Object)
	at java.lang.Thread.run(Thread.java:745)

   Locked ownable synchronizers:
	- None

"Framework Event Dispatcher" #13 daemon prio=5 os_prio=0 tid=0x00007f3268007800 nid=0x49d3 in Object.wait() [0x00007f32713b7000]
   java.lang.Thread.State: WAITING (on object monitor)
	at java.lang.Object.wait(Native Method)
	at java.lang.Object.wait(Object.java:502)
	at org.eclipse.osgi.framework.eventmgr.EventManager$EventThread.getNextEvent(EventManager.java:400)
	- locked <0x00000000e02b2030> (a org.eclipse.osgi.framework.eventmgr.EventManager$EventThread)
	at org.eclipse.osgi.framework.eventmgr.EventManager$EventThread.run(EventManager.java:336)

   Locked ownable synchronizers:
	- None

"Start Level Event Dispatcher" #12 daemon prio=5 os_prio=0 tid=0x00007f32c0501000 nid=0x49d2 in Object.wait() [0x00007f32714b8000]
   java.lang.Thread.State: WAITING (on object monitor)
	at java.lang.Object.wait(Native Method)
	- waiting on <0x00000000e02b2828> (a org.eclipse.osgi.framework.eventmgr.EventManager$EventThread)
	at java.lang.Object.wait(Object.java:502)
	at org.eclipse.osgi.framework.eventmgr.EventManager$EventThread.getNextEvent(EventManager.java:400)
	- locked <0x00000000e02b2828> (a org.eclipse.osgi.framework.eventmgr.EventManager$EventThread)
	at org.eclipse.osgi.framework.eventmgr.EventManager$EventThread.run(EventManager.java:336)

   Locked ownable synchronizers:
	- None

"State Data Manager" #11 daemon prio=5 os_prio=0 tid=0x00007f32c04bd800 nid=0x49d1 waiting on condition [0x00007f32715b9000]
   java.lang.Thread.State: TIMED_WAITING (sleeping)
	at java.lang.Thread.sleep(Native Method)
	at org.eclipse.osgi.internal.baseadaptor.StateManager.run(StateManager.java:297)
	at java.lang.Thread.run(Thread.java:745)

   Locked ownable synchronizers:
	- None

"Framework Active Thread" #10 prio=5 os_prio=0 tid=0x00007f32c0499000 nid=0x49d0 in Object.wait() [0x00007f3278101000]
   java.lang.Thread.State: TIMED_WAITING (on object monitor)
	at java.lang.Object.wait(Native Method)
	at org.eclipse.osgi.framework.internal.core.Framework.run(Framework.java:1862)
	- locked <0x00000000e04d24e8> (a org.eclipse.osgi.framework.internal.core.Framework)
	at java.lang.Thread.run(Thread.java:745)

   Locked ownable synchronizers:
	- None

"Service Thread" #8 daemon prio=9 os_prio=0 tid=0x00007f32c0191000 nid=0x49ce runnable [0x0000000000000000]
   java.lang.Thread.State: RUNNABLE

   Locked ownable synchronizers:
	- None

"C1 CompilerThread2" #7 daemon prio=9 os_prio=0 tid=0x00007f32c0179800 nid=0x49cd waiting on condition [0x0000000000000000]
   java.lang.Thread.State: RUNNABLE

   Locked ownable synchronizers:
	- None

"C2 CompilerThread1" #6 daemon prio=9 os_prio=0 tid=0x00007f32c0177800 nid=0x49cc waiting on condition [0x0000000000000000]
   java.lang.Thread.State: RUNNABLE

   Locked ownable synchronizers:
	- None

"C2 CompilerThread0" #5 daemon prio=9 os_prio=0 tid=0x00007f32c0174800 nid=0x49cb waiting on condition [0x0000000000000000]
   java.lang.Thread.State: RUNNABLE

   Locked ownable synchronizers:
	- None

"Signal Dispatcher" #4 daemon prio=9 os_prio=0 tid=0x00007f32c0172800 nid=0x49ca runnable [0x0000000000000000]
   java.lang.Thread.State: RUNNABLE

   Locked ownable synchronizers:
	- None

"Finalizer" #3 daemon prio=8 os_prio=0 tid=0x00007f32c014b000 nid=0x49c9 in Object.wait() [0x00007f32aad19000]
   java.lang.Thread.State: WAITING (on object monitor)
	at java.lang.Object.wait(Native Method)
	at java.lang.ref.ReferenceQueue.remove(ReferenceQueue.java:143)
	- locked <0x00000000e02ade58> (a java.lang.ref.ReferenceQueue$Lock)
	at java.lang.ref.ReferenceQueue.remove(ReferenceQueue.java:164)
	at java.lang.ref.Finalizer$FinalizerThread.run(Finalizer.java:209)

   Locked ownable synchronizers:
	- None

"Reference Handler" #2 daemon prio=10 os_prio=0 tid=0x00007f32c0146800 nid=0x49c8 in Object.wait() [0x00007f32aae1a000]
   java.lang.Thread.State: WAITING (on object monitor)
	at java.lang.Object.wait(Native Method)
	at java.lang.Object.wait(Object.java:502)
	at java.lang.ref.Reference.tryHandlePending(Reference.java:191)
	- locked <0x00000000e0221ad0> (a java.lang.ref.Reference$Lock)
	at java.lang.ref.Reference$ReferenceHandler.run(Reference.java:153)

   Locked ownable synchronizers:
	- None

"main" #1 prio=6 os_prio=0 tid=0x00007f32c000a000 nid=0x49c2 runnable [0x00007f32c8996000]
   java.lang.Thread.State: RUNNABLE
	at org.eclipse.swt.internal.gtk.OS.Call(Native Method)
	at org.eclipse.swt.widgets.Display.sleep(Display.java:4233)
	at org.eclipse.ui.application.WorkbenchAdvisor.eventLoopIdle(WorkbenchAdvisor.java:364)
	at org.eclipse.ui.internal.ide.application.IDEWorkbenchAdvisor.eventLoopIdle(IDEWorkbenchAdvisor.java:917)
	at org.eclipse.ui.internal.Workbench$3.eventLoopIdle(Workbench.java:487)
	at org.eclipse.e4.ui.internal.workbench.swt.PartRenderingEngine$9.run(PartRenderingEngine.java:1117)
	at org.eclipse.core.databinding.observable.Realm.runWithDefault(Realm.java:332)
	at org.eclipse.e4.ui.internal.workbench.swt.PartRenderingEngine.run(PartRenderingEngine.java:997)
	at org.eclipse.e4.ui.internal.workbench.E4Workbench.createAndRunUI(E4Workbench.java:138)
	at org.eclipse.ui.internal.Workbench$5.run(Workbench.java:610)
	at org.eclipse.core.databinding.observable.Realm.runWithDefault(Realm.java:332)
	at org.eclipse.ui.internal.Workbench.createAndRunWorkbench(Workbench.java:567)
	at org.eclipse.ui.PlatformUI.createAndRunWorkbench(PlatformUI.java:150)
	at org.eclipse.ui.internal.ide.application.IDEApplication.start(IDEApplication.java:124)
	at org.eclipse.equinox.internal.app.EclipseAppHandle.run(EclipseAppHandle.java:196)
	at org.eclipse.core.runtime.internal.adaptor.EclipseAppLauncher.runApplication(EclipseAppLauncher.java:110)
	at org.eclipse.core.runtime.internal.adaptor.EclipseAppLauncher.start(EclipseAppLauncher.java:79)
	at org.eclipse.core.runtime.adaptor.EclipseStarter.run(EclipseStarter.java:354)
	at org.eclipse.core.runtime.adaptor.EclipseStarter.run(EclipseStarter.java:181)
	at sun.reflect.NativeMethodAccessorImpl.invoke0(Native Method)
	at sun.reflect.NativeMethodAccessorImpl.invoke(NativeMethodAccessorImpl.java:62)
	at sun.reflect.DelegatingMethodAccessorImpl.invoke(DelegatingMethodAccessorImpl.java:43)
	at java.lang.reflect.Method.invoke(Method.java:498)
	at org.eclipse.equinox.launcher.Main.invokeFramework(Main.java:636)
	at org.eclipse.equinox.launcher.Main.basicRun(Main.java:591)
	at org.eclipse.equinox.launcher.Main.run(Main.java:1450)
	at org.eclipse.equinox.launcher.Main.main(Main.java:1426)

   Locked ownable synchronizers:
	- None

"VM Thread" os_prio=0 tid=0x00007f32c013e800 nid=0x49c7 runnable 

"GC task thread#0 (ParallelGC)" os_prio=0 tid=0x00007f32c001f800 nid=0x49c3 runnable 

"GC task thread#1 (ParallelGC)" os_prio=0 tid=0x00007f32c0021000 nid=0x49c4 runnable 

"GC task thread#2 (ParallelGC)" os_prio=0 tid=0x00007f32c0023000 nid=0x49c5 runnable 

"GC task thread#3 (ParallelGC)" os_prio=0 tid=0x00007f32c0024800 nid=0x49c6 runnable 

"VM Periodic Task Thread" os_prio=0 tid=0x00007f32c0193800 nid=0x49cf waiting on condition 

JNI global references: 549

